[ 2017-09-14T21:40:18+08:00 ] ::1 /fairy/
ERR: Think\Model:getTree方法不存在！

[ 2017-09-14T21:41:15+08:00 ] ::1 /fairy/
SQL: SHOW COLUMNS FROM `fairy_category` [ RunTime:0.003493s ]
ERR: Think\Model:getTree方法不存在！

[ 2017-09-14T21:41:54+08:00 ] ::1 /fairy/
INFO: [ view_parse ] --START--
INFO: [ template_filter ] --START--
INFO: Run Behavior\ContentReplace [ RunTime:0.000313s ]
INFO: [ template_filter ] --END-- [ RunTime:0.000619s ]
SQL: SHOW COLUMNS FROM `fairy_channel` [ RunTime:0.001359s ]
SQL: SELECT `id`,`pid`,`title`,`url`,`sort`,`create_time`,`update_time`,`status`,`target` FROM `fairy_channel` WHERE ( status=1 ) ORDER BY sort  [ RunTime:0.000674s ]
NOTIC: [8] Undefined variable: category D:\wamp64\www\fairy\Runtime\Cache\Home\769e70f2e46f34ceb60619bbda5e4691.php 第 83 行.
INFO: Run Behavior\ParseTemplate [ RunTime:0.031819s ]
INFO: [ view_parse ] --END-- [ RunTime:0.032485s ]
INFO: [ view_filter ] --START--
INFO: Run Behavior\WriteHtmlCache [ RunTime:0.000672s ]
INFO: [ view_filter ] --END-- [ RunTime:0.000904s ]
INFO: [ app_end ] --START--
INFO: Run Behavior\ShowPageTrace [ RunTime:0.001117s ]
INFO: [ app_end ] --END-- [ RunTime:0.001409s ]

[ 2017-09-14T21:41:56+08:00 ] ::1 /fairy/
INFO: [ view_parse ] --START--
INFO: [ template_filter ] --START--
INFO: Run Behavior\ContentReplace [ RunTime:0.000303s ]
INFO: [ template_filter ] --END-- [ RunTime:0.000695s ]
SQL: SHOW COLUMNS FROM `fairy_channel` [ RunTime:0.001251s ]
SQL: SELECT `id`,`pid`,`title`,`url`,`sort`,`create_time`,`update_time`,`status`,`target` FROM `fairy_channel` WHERE ( status=1 ) ORDER BY sort  [ RunTime:0.000715s ]
NOTIC: [8] Undefined variable: category D:\wamp64\www\fairy\Runtime\Cache\Home\769e70f2e46f34ceb60619bbda5e4691.php 第 83 行.
INFO: Run Behavior\ParseTemplate [ RunTime:0.043937s ]
INFO: [ view_parse ] --END-- [ RunTime:0.045370s ]
INFO: [ view_filter ] --START--
INFO: Run Behavior\WriteHtmlCache [ RunTime:0.001302s ]
INFO: [ view_filter ] --END-- [ RunTime:0.001701s ]
INFO: [ app_end ] --START--
INFO: Run Behavior\ShowPageTrace [ RunTime:0.001522s ]
INFO: [ app_end ] --END-- [ RunTime:0.001844s ]

[ 2017-09-14T21:44:55+08:00 ] ::1 /fairy/
INFO: [ view_parse ] --START--
INFO: [ template_filter ] --START--
INFO: Run Behavior\ContentReplace [ RunTime:0.000279s ]
INFO: [ template_filter ] --END-- [ RunTime:0.000709s ]
NOTIC: [8] Undefined variable: category D:\wamp64\www\fairy\Runtime\Cache\Home\769e70f2e46f34ceb60619bbda5e4691.php 第 43 行.
INFO: Run Behavior\ParseTemplate [ RunTime:0.036058s ]
INFO: [ view_parse ] --END-- [ RunTime:0.037591s ]
INFO: [ view_filter ] --START--
INFO: Run Behavior\WriteHtmlCache [ RunTime:0.001494s ]
INFO: [ view_filter ] --END-- [ RunTime:0.001884s ]
INFO: [ app_end ] --START--
INFO: Run Behavior\ShowPageTrace [ RunTime:0.001691s ]
INFO: [ app_end ] --END-- [ RunTime:0.002067s ]

[ 2017-09-14T21:45:25+08:00 ] ::1 /fairy/
INFO: [ view_parse ] --START--
INFO: [ template_filter ] --START--
INFO: Run Behavior\ContentReplace [ RunTime:0.000109s ]
INFO: [ template_filter ] --END-- [ RunTime:0.000270s ]
NOTIC: [8] Undefined variable: category D:\wamp64\www\fairy\Runtime\Cache\Home\769e70f2e46f34ceb60619bbda5e4691.php 第 43 行.
INFO: Run Behavior\ParseTemplate [ RunTime:0.014307s ]
INFO: [ view_parse ] --END-- [ RunTime:0.014980s ]
INFO: [ view_filter ] --START--
INFO: Run Behavior\WriteHtmlCache [ RunTime:0.000514s ]
INFO: [ view_filter ] --END-- [ RunTime:0.000662s ]
INFO: [ app_end ] --START--
INFO: Run Behavior\ShowPageTrace [ RunTime:0.000746s ]
INFO: [ app_end ] --END-- [ RunTime:0.000900s ]

[ 2017-09-14T21:45:31+08:00 ] ::1 /fairy/
INFO: [ view_parse ] --START--
INFO: [ template_filter ] --START--
INFO: Run Behavior\ContentReplace [ RunTime:0.000292s ]
INFO: [ template_filter ] --END-- [ RunTime:0.000738s ]
NOTIC: [8] Undefined variable: category D:\wamp64\www\fairy\Runtime\Cache\Home\769e70f2e46f34ceb60619bbda5e4691.php 第 43 行.
INFO: Run Behavior\ParseTemplate [ RunTime:0.041538s ]
INFO: [ view_parse ] --END-- [ RunTime:0.043208s ]
INFO: [ view_filter ] --START--
INFO: Run Behavior\WriteHtmlCache [ RunTime:0.001314s ]
INFO: [ view_filter ] --END-- [ RunTime:0.001716s ]
INFO: [ app_end ] --START--
INFO: Run Behavior\ShowPageTrace [ RunTime:0.003749s ]
INFO: [ app_end ] --END-- [ RunTime:0.004515s ]

[ 2017-09-14T21:45:40+08:00 ] ::1 /fairy/
INFO: [ view_parse ] --START--
INFO: [ template_filter ] --START--
INFO: Run Behavior\ContentReplace [ RunTime:0.000158s ]
INFO: [ template_filter ] --END-- [ RunTime:0.000425s ]
NOTIC: [8] Undefined variable: category D:\wamp64\www\fairy\Runtime\Cache\Home\769e70f2e46f34ceb60619bbda5e4691.php 第 43 行.
INFO: Run Behavior\ParseTemplate [ RunTime:0.026102s ]
INFO: [ view_parse ] --END-- [ RunTime:0.027301s ]
INFO: [ view_filter ] --START--
INFO: Run Behavior\WriteHtmlCache [ RunTime:0.000757s ]
INFO: [ view_filter ] --END-- [ RunTime:0.000998s ]
INFO: [ app_end ] --START--
INFO: Run Behavior\ShowPageTrace [ RunTime:0.001161s ]
INFO: [ app_end ] --END-- [ RunTime:0.001406s ]

[ 2017-09-14T21:46:19+08:00 ] ::1 /fairy/
INFO: [ view_parse ] --START--
INFO: [ template_filter ] --START--
INFO: Run Behavior\ContentReplace [ RunTime:0.000065s ]
INFO: [ template_filter ] --END-- [ RunTime:0.000189s ]
INFO: Run Behavior\ParseTemplate [ RunTime:0.010024s ]
INFO: [ view_parse ] --END-- [ RunTime:0.010629s ]
INFO: [ view_filter ] --START--
INFO: Run Behavior\WriteHtmlCache [ RunTime:0.007296s ]
INFO: [ view_filter ] --END-- [ RunTime:0.007537s ]
INFO: [ app_end ] --START--
INFO: Run Behavior\ShowPageTrace [ RunTime:0.001066s ]
INFO: [ app_end ] --END-- [ RunTime:0.001255s ]

[ 2017-09-14T21:46:25+08:00 ] ::1 /fairy/
INFO: [ view_parse ] --START--
INFO: [ template_filter ] --START--
INFO: Run Behavior\ContentReplace [ RunTime:0.000274s ]
INFO: [ template_filter ] --END-- [ RunTime:0.000750s ]
INFO: Run Behavior\ParseTemplate [ RunTime:0.027084s ]
INFO: [ view_parse ] --END-- [ RunTime:0.028293s ]
INFO: [ view_filter ] --START--
INFO: Run Behavior\WriteHtmlCache [ RunTime:0.001078s ]
INFO: [ view_filter ] --END-- [ RunTime:0.001489s ]
INFO: [ app_end ] --START--
INFO: Run Behavior\ShowPageTrace [ RunTime:0.001390s ]
INFO: [ app_end ] --END-- [ RunTime:0.001698s ]

[ 2017-09-14T21:46:26+08:00 ] ::1 /fairy/
INFO: [ view_parse ] --START--
INFO: [ template_filter ] --START--
INFO: Run Behavior\ContentReplace [ RunTime:0.000156s ]
INFO: [ template_filter ] --END-- [ RunTime:0.000453s ]
INFO: Run Behavior\ParseTemplate [ RunTime:0.020814s ]
INFO: [ view_parse ] --END-- [ RunTime:0.021887s ]
INFO: [ view_filter ] --START--
INFO: Run Behavior\WriteHtmlCache [ RunTime:0.000839s ]
INFO: [ view_filter ] --END-- [ RunTime:0.001097s ]
INFO: [ app_end ] --START--
INFO: Run Behavior\ShowPageTrace [ RunTime:0.001288s ]
INFO: [ app_end ] --END-- [ RunTime:0.001553s ]

[ 2017-09-14T21:46:30+08:00 ] ::1 /fairy/
INFO: [ view_parse ] --START--
INFO: [ template_filter ] --START--
INFO: Run Behavior\ContentReplace [ RunTime:0.000185s ]
INFO: [ template_filter ] --END-- [ RunTime:0.000606s ]
INFO: Run Behavior\ParseTemplate [ RunTime:0.022597s ]
INFO: [ view_parse ] --END-- [ RunTime:0.024295s ]
INFO: [ view_filter ] --START--
INFO: Run Behavior\WriteHtmlCache [ RunTime:0.000769s ]
INFO: [ view_filter ] --END-- [ RunTime:0.000994s ]
INFO: [ app_end ] --START--
INFO: Run Behavior\ShowPageTrace [ RunTime:0.001096s ]
INFO: [ app_end ] --END-- [ RunTime:0.001427s ]

[ 2017-09-14T21:47:35+08:00 ] ::1 /fairy/
INFO: [ view_parse ] --START--
INFO: [ template_filter ] --START--
INFO: Run Behavior\ContentReplace [ RunTime:0.000108s ]
INFO: [ template_filter ] --END-- [ RunTime:0.000295s ]
INFO: Run Behavior\ParseTemplate [ RunTime:0.014452s ]
INFO: [ view_parse ] --END-- [ RunTime:0.015166s ]
INFO: [ view_filter ] --START--
INFO: Run Behavior\WriteHtmlCache [ RunTime:0.000571s ]
INFO: [ view_filter ] --END-- [ RunTime:0.000728s ]
INFO: [ app_end ] --START--
INFO: Run Behavior\ShowPageTrace [ RunTime:0.000796s ]
INFO: [ app_end ] --END-- [ RunTime:0.000954s ]

[ 2017-09-14T21:48:32+08:00 ] ::1 /fairy/
INFO: [ view_parse ] --START--
INFO: [ template_filter ] --START--
INFO: Run Behavior\ContentReplace [ RunTime:0.000078s ]
INFO: [ template_filter ] --END-- [ RunTime:0.000217s ]
INFO: Run Behavior\ParseTemplate [ RunTime:0.013454s ]
INFO: [ view_parse ] --END-- [ RunTime:0.014049s ]
INFO: [ view_filter ] --START--
INFO: Run Behavior\WriteHtmlCache [ RunTime:0.000454s ]
INFO: [ view_filter ] --END-- [ RunTime:0.000611s ]
INFO: [ app_end ] --START--
INFO: Run Behavior\ShowPageTrace [ RunTime:0.000805s ]
INFO: [ app_end ] --END-- [ RunTime:0.000999s ]

[ 2017-09-14T21:48:33+08:00 ] ::1 /fairy/
INFO: [ view_parse ] --START--
INFO: [ template_filter ] --START--
INFO: Run Behavior\ContentReplace [ RunTime:0.000153s ]
INFO: [ template_filter ] --END-- [ RunTime:0.000445s ]
INFO: Run Behavior\ParseTemplate [ RunTime:0.020938s ]
INFO: [ view_parse ] --END-- [ RunTime:0.022046s ]
INFO: [ view_filter ] --START--
INFO: Run Behavior\WriteHtmlCache [ RunTime:0.000866s ]
INFO: [ view_filter ] --END-- [ RunTime:0.001158s ]
INFO: [ app_end ] --START--
INFO: Run Behavior\ShowPageTrace [ RunTime:0.001228s ]
INFO: [ app_end ] --END-- [ RunTime:0.001497s ]

[ 2017-09-14T21:48:35+08:00 ] ::1 /fairy/
INFO: [ view_parse ] --START--
INFO: [ template_filter ] --START--
INFO: Run Behavior\ContentReplace [ RunTime:0.000128s ]
INFO: [ template_filter ] --END-- [ RunTime:0.000377s ]
INFO: Run Behavior\ParseTemplate [ RunTime:0.018091s ]
INFO: [ view_parse ] --END-- [ RunTime:0.018968s ]
INFO: [ view_filter ] --START--
INFO: Run Behavior\WriteHtmlCache [ RunTime:0.000679s ]
INFO: [ view_filter ] --END-- [ RunTime:0.000889s ]
INFO: [ app_end ] --START--
INFO: Run Behavior\ShowPageTrace [ RunTime:0.001026s ]
INFO: [ app_end ] --END-- [ RunTime:0.001241s ]

[ 2017-09-14T21:48:36+08:00 ] ::1 /fairy/
INFO: [ view_parse ] --START--
INFO: [ template_filter ] --START--
INFO: Run Behavior\ContentReplace [ RunTime:0.000102s ]
INFO: [ template_filter ] --END-- [ RunTime:0.000295s ]
INFO: Run Behavior\ParseTemplate [ RunTime:0.014569s ]
INFO: [ view_parse ] --END-- [ RunTime:0.015357s ]
INFO: [ view_filter ] --START--
INFO: Run Behavior\WriteHtmlCache [ RunTime:0.000610s ]
INFO: [ view_filter ] --END-- [ RunTime:0.000782s ]
INFO: [ app_end ] --START--
INFO: Run Behavior\ShowPageTrace [ RunTime:0.000863s ]
INFO: [ app_end ] --END-- [ RunTime:0.001040s ]

